[debug] [2020-05-27T04:16:19.434Z] ----------------------------------------------------------------------
[debug] [2020-05-27T04:16:19.437Z] Command:       /usr/bin/node /usr/bin/firebase deploy
[debug] [2020-05-27T04:16:19.437Z] CLI Version:   7.13.1
[debug] [2020-05-27T04:16:19.437Z] Platform:      linux
[debug] [2020-05-27T04:16:19.437Z] Node Version:  v12.16.3
[debug] [2020-05-27T04:16:19.438Z] Time:          Wed May 27 2020 09:46:19 GMT+0530 (India Standard Time)
[debug] [2020-05-27T04:16:19.438Z] ----------------------------------------------------------------------
[debug] [2020-05-27T04:16:19.438Z] 
[debug] [2020-05-27T04:16:19.445Z] > command requires scopes: ["email","openid","https://www.googleapis.com/auth/cloudplatformprojects.readonly","https://www.googleapis.com/auth/firebase","https://www.googleapis.com/auth/cloud-platform"]
[debug] [2020-05-27T04:16:19.446Z] > authorizing via signed-in user
[debug] [2020-05-27T04:16:19.447Z] [iam] checking project technoboot-19ce2 for permissions ["firebase.projects.get","firebasehosting.sites.update"]
[debug] [2020-05-27T04:16:19.448Z] >>> HTTP REQUEST POST https://cloudresourcemanager.googleapis.com/v1/projects/technoboot-19ce2:testIamPermissions  

[debug] [2020-05-27T04:17:30.295Z] <<< HTTP RESPONSE 200
[debug] [2020-05-27T04:17:30.302Z] >>> HTTP REQUEST GET https://firebase.googleapis.com/v1beta1/projects/technoboot-19ce2  
 
[debug] [2020-05-27T04:17:36.532Z] <<< HTTP RESPONSE 200
[info] 
[info] === Deploying to 'technoboot-19ce2'...
[info] 
[info] i  deploying hosting
[debug] [2020-05-27T04:17:36.552Z] >>> HTTP REQUEST POST https://firebasehosting.googleapis.com/v1beta1/sites/technoboot-19ce2/versions  

[debug] [2020-05-27T04:18:03.626Z] Error: socket hang up
    at connResetException (internal/errors.js:608:14)
    at TLSSocket.socketOnEnd (_http_client.js:453:23)
    at TLSSocket.emit (events.js:322:22)
    at TLSSocket.EventEmitter.emit (domain.js:482:12)
    at endReadableNT (_stream_readable.js:1187:12)
    at processTicksAndRejections (internal/process/task_queues.js:84:21)
[error] 
[error] Error: Server Error. socket hang up
[debug] [2020-05-27T04:19:42.631Z] ----------------------------------------------------------------------
[debug] [2020-05-27T04:19:42.633Z] Command:       /usr/bin/node /usr/bin/firebase deploy
[debug] [2020-05-27T04:19:42.633Z] CLI Version:   7.13.1
[debug] [2020-05-27T04:19:42.633Z] Platform:      linux
[debug] [2020-05-27T04:19:42.633Z] Node Version:  v12.16.3
[debug] [2020-05-27T04:19:42.859Z] Time:          Wed May 27 2020 09:49:42 GMT+0530 (India Standard Time)
[debug] [2020-05-27T04:19:42.859Z] ----------------------------------------------------------------------
[debug] [2020-05-27T04:19:42.860Z] 
[debug] [2020-05-27T04:19:43.026Z] > command requires scopes: ["email","openid","https://www.googleapis.com/auth/cloudplatformprojects.readonly","https://www.googleapis.com/auth/firebase","https://www.googleapis.com/auth/cloud-platform"]
[debug] [2020-05-27T04:19:43.027Z] > authorizing via signed-in user
[debug] [2020-05-27T04:19:43.028Z] [iam] checking project technoboot-19ce2 for permissions ["firebase.projects.get","firebasehosting.sites.update"]
[debug] [2020-05-27T04:19:43.032Z] >>> HTTP REQUEST POST https://cloudresourcemanager.googleapis.com/v1/projects/technoboot-19ce2:testIamPermissions  

[debug] [2020-05-27T04:19:48.595Z] <<< HTTP RESPONSE 200
[debug] [2020-05-27T04:19:48.606Z] >>> HTTP REQUEST GET https://firebase.googleapis.com/v1beta1/projects/technoboot-19ce2  
 
[debug] [2020-05-27T04:19:54.177Z] <<< HTTP RESPONSE 200
[info] 
[info] === Deploying to 'technoboot-19ce2'...
[info] 
[info] i  deploying hosting
[debug] [2020-05-27T04:19:54.192Z] >>> HTTP REQUEST POST https://firebasehosting.googleapis.com/v1beta1/sites/technoboot-19ce2/versions  

[debug] [2020-05-27T04:19:57.380Z] <<< HTTP RESPONSE 200
[info] i  hosting[technoboot-19ce2]: beginning deploy...
[info] i  hosting[technoboot-19ce2]: found 61 files in build
[debug] [2020-05-27T04:19:58.022Z] [hosting] hash cache [YnVpbGQ] stored for 61 files
[debug] [2020-05-27T04:19:58.023Z] [hosting][hash queue][FINAL]
[debug] [2020-05-27T04:19:58.024Z] >>> HTTP REQUEST POST https://firebasehosting.googleapis.com/v1beta1/projects/922666965977/sites/technoboot-19ce2/versions/429503a3d9b24619:populateFiles  
 <request body omitted>
[debug] [2020-05-27T04:20:01.222Z] <<< HTTP RESPONSE 200
[debug] [2020-05-27T04:20:01.268Z] [hosting][populate queue][FINAL]
[debug] [2020-05-27T04:20:01.268Z] [hosting] uploads queued: 35
[debug] [2020-05-27T04:20:12.354Z] [uploadQueue] Retrying task c6bc1285b87d9ea8851a2979bfeeb9ddd566c7e5942b4f7220efdd6671859438
[debug] [2020-05-27T04:20:12.361Z] [uploadQueue] Retrying task b890db067a373381a57bd1b8aec8ea56e469f4baf36409a367130697aec0e48a
[debug] [2020-05-27T04:20:12.364Z] [uploadQueue] Retrying task 9843ea2179e533eedbc02105626005978ea300208b347f365aa54378decd4692
[debug] [2020-05-27T04:20:12.368Z] [uploadQueue] Retrying task 10c640a5eea8571afc75e0d6b4f49c095aef8029e342271e0a4986bcc2dc1725
[debug] [2020-05-27T04:21:02.603Z] [uploadQueue] Retrying task 637eea44508b5890a435651994dff3dc2288ecbe899e3c6e6e6e1a822ab3a1ea
[debug] [2020-05-27T04:21:03.242Z] [uploadQueue] Retrying task fab3857accb1a9053cf41722bfa909d211dbc2727e5ad8043df7cca837bc5b05
[debug] [2020-05-27T04:21:03.247Z] [uploadQueue] Retrying task f4ce0201ba230f73f52f5a65c6fb3f5e295f94d0e2ce1ada6f55f5b5358334ab
[debug] [2020-05-27T04:21:03.391Z] [uploadQueue] Retrying task c7e483a0ad3670ef62df8ae07ff22e1cb0d3eceb596c6504b6f8d90646f3e34e
[debug] [2020-05-27T04:21:03.410Z] [uploadQueue] Retrying task a33c23a0b058668abd846373ad8f653be661e9eed53f6dd1e00bd7e23828e6ed
[debug] [2020-05-27T04:21:03.573Z] [uploadQueue] Retrying task d6d442f2cfd7bc96d71eb97de068e04663c9235cebf76f116617f5d720321cf7
[debug] [2020-05-27T04:21:03.735Z] [uploadQueue] Retrying task 65184039d91ebe6e73aef24c711d726a1af145112e43de8dfc791012139ba98c
[debug] [2020-05-27T04:21:03.739Z] [uploadQueue] Retrying task e1b2b040f3029b6486256a5e47f2cd677ed12e5c8a0fc915c8c7830eb61f5527
[debug] [2020-05-27T04:21:03.743Z] [uploadQueue] Retrying task 94d63f94ff7775ddb15bcb6e262a9c72e29a5817765b2b0c5b36dfdcb897a44e
[debug] [2020-05-27T04:21:03.747Z] [uploadQueue] Retrying task 9ddd361b1a431445b060a5b077da5ecb2b5c485fd8b07c3f4f529587c4646e8d
[debug] [2020-05-27T04:21:03.751Z] [uploadQueue] Retrying task 3fbbc11a3aedb989f040a5e4b535b663d45e8a4365329392b978b3a4f4881e15
[debug] [2020-05-27T04:21:03.754Z] [uploadQueue] Retrying task debbb452e8e2398a063cd0eae78e9dc2597c4e5f678c09d41a8777c3c64729cb
[debug] [2020-05-27T04:21:03.870Z] [uploadQueue] Retrying task fab866dab2cbdcb944e323a34b2b8c80f048820ea4d03c01e6e0974ee86df9cf
[debug] [2020-05-27T04:21:15.685Z] [uploadQueue] Retrying task fab3857accb1a9053cf41722bfa909d211dbc2727e5ad8043df7cca837bc5b05
[debug] [2020-05-27T04:21:15.690Z] [uploadQueue] Retrying task c7e483a0ad3670ef62df8ae07ff22e1cb0d3eceb596c6504b6f8d90646f3e34e
[debug] [2020-05-27T04:21:15.867Z] [uploadQueue] Retrying task d6d442f2cfd7bc96d71eb97de068e04663c9235cebf76f116617f5d720321cf7
[debug] [2020-05-27T04:21:16.002Z] [uploadQueue] Retrying task 637eea44508b5890a435651994dff3dc2288ecbe899e3c6e6e6e1a822ab3a1ea
[debug] [2020-05-27T04:21:16.485Z] [uploadQueue] Retrying task debbb452e8e2398a063cd0eae78e9dc2597c4e5f678c09d41a8777c3c64729cb
[debug] [2020-05-27T04:21:16.487Z] [uploadQueue] Retrying task 65184039d91ebe6e73aef24c711d726a1af145112e43de8dfc791012139ba98c
[debug] [2020-05-27T04:21:16.505Z] [uploadQueue] Retrying task 3fbbc11a3aedb989f040a5e4b535b663d45e8a4365329392b978b3a4f4881e15
[debug] [2020-05-27T04:21:16.508Z] [uploadQueue] Retrying task 9ddd361b1a431445b060a5b077da5ecb2b5c485fd8b07c3f4f529587c4646e8d
[debug] [2020-05-27T04:21:23.721Z] [uploadQueue] Retrying task fab866dab2cbdcb944e323a34b2b8c80f048820ea4d03c01e6e0974ee86df9cf
[debug] [2020-05-27T04:21:24.524Z] [uploadQueue] Retrying task 2e120ab739adba951abd91a9bbcfd30c9fb3ddb7b976a77f14ba376110eea21e
[debug] [2020-05-27T04:21:27.727Z] [uploadQueue] Retrying task 1ebf8c4d865315f3dbb627d91521ceb9738d5f29e63d26c2998984575a3135a8
[debug] [2020-05-27T04:21:28.174Z] [uploadQueue] Retrying task 10c640a5eea8571afc75e0d6b4f49c095aef8029e342271e0a4986bcc2dc1725
[debug] [2020-05-27T04:21:29.934Z] [uploadQueue] Retrying task fab3857accb1a9053cf41722bfa909d211dbc2727e5ad8043df7cca837bc5b05
[debug] [2020-05-27T04:21:29.941Z] [uploadQueue] Retrying task 637eea44508b5890a435651994dff3dc2288ecbe899e3c6e6e6e1a822ab3a1ea
[debug] [2020-05-27T04:21:29.944Z] [uploadQueue] Retrying task d6d442f2cfd7bc96d71eb97de068e04663c9235cebf76f116617f5d720321cf7
[debug] [2020-05-27T04:21:37.008Z] [uploadQueue] Retrying task 2e120ab739adba951abd91a9bbcfd30c9fb3ddb7b976a77f14ba376110eea21e
[debug] [2020-05-27T04:21:38.456Z] [uploadQueue] Retrying task 590453e512f8ff03fb6969bfa7fa2fce6e1041d6a9a656517914caaf987932f0
[debug] [2020-05-27T04:21:38.901Z] [uploadQueue] Retrying task fab866dab2cbdcb944e323a34b2b8c80f048820ea4d03c01e6e0974ee86df9cf
[debug] [2020-05-27T04:21:39.096Z] [uploadQueue] Retrying task b46dfdd820f5094dae1c2fbd3c6d8794221613fb4825b9e04caaf3a6d2fe462c
[debug] [2020-05-27T04:21:40.343Z] [uploadQueue] Retrying task 1ebf8c4d865315f3dbb627d91521ceb9738d5f29e63d26c2998984575a3135a8
[debug] [2020-05-27T04:21:43.259Z] [uploadQueue] Retrying task 35204f75b6031192f0010a7704020a4c6a7c2beb1207d8222432352c9b8f087e
[debug] [2020-05-27T04:21:45.805Z] [uploadQueue] Retrying task d6d442f2cfd7bc96d71eb97de068e04663c9235cebf76f116617f5d720321cf7
[debug] [2020-05-27T04:21:45.811Z] [uploadQueue] Retrying task 637eea44508b5890a435651994dff3dc2288ecbe899e3c6e6e6e1a822ab3a1ea
[debug] [2020-05-27T04:21:45.948Z] [uploadQueue] Retrying task fab3857accb1a9053cf41722bfa909d211dbc2727e5ad8043df7cca837bc5b05
[debug] [2020-05-27T04:21:48.945Z] [uploadQueue] Retrying task 9843ea2179e533eedbc02105626005978ea300208b347f365aa54378decd4692
[debug] [2020-05-27T04:21:50.600Z] [uploadQueue] Retrying task 2e120ab739adba951abd91a9bbcfd30c9fb3ddb7b976a77f14ba376110eea21e
[debug] [2020-05-27T04:21:51.185Z] [uploadQueue] Retrying task b890db067a373381a57bd1b8aec8ea56e469f4baf36409a367130697aec0e48a
[debug] [2020-05-27T04:21:52.031Z] [uploadQueue] Retrying task 590453e512f8ff03fb6969bfa7fa2fce6e1041d6a9a656517914caaf987932f0
[debug] [2020-05-27T04:21:59.129Z] [uploadQueue] Retrying task e7651d71741b86bd6b9552f7af73a436e7c7a2fe8d0901bab25b91d697480219
[debug] [2020-05-27T04:22:02.120Z] [uploadQueue] Retrying task 9843ea2179e533eedbc02105626005978ea300208b347f365aa54378decd4692
[debug] [2020-05-27T04:22:04.040Z] [uploadQueue] Retrying task 637eea44508b5890a435651994dff3dc2288ecbe899e3c6e6e6e1a822ab3a1ea
[debug] [2020-05-27T04:22:04.682Z] [uploadQueue] Retrying task b890db067a373381a57bd1b8aec8ea56e469f4baf36409a367130697aec0e48a
[debug] [2020-05-27T04:22:04.809Z] [uploadQueue] Retrying task b1d54e366332cd712d38639100732aa0e0cc71b1f5b681c0627cf4b09ea95ed1
[debug] [2020-05-27T04:22:06.305Z] [uploadQueue] Retrying task 2e120ab739adba951abd91a9bbcfd30c9fb3ddb7b976a77f14ba376110eea21e
[debug] [2020-05-27T04:22:07.096Z] [uploadQueue] Retrying task fab3857accb1a9053cf41722bfa909d211dbc2727e5ad8043df7cca837bc5b05
[debug] [2020-05-27T04:22:09.927Z] [uploadQueue] Retrying task 868597e90bf1905477d8a9030116aa4ca12216e0fa22c05aa247011df26ef166
[debug] [2020-05-27T04:22:14.214Z] [uploadQueue] Retrying task 254cd34fdf431d195a6ee1c9fa76ead53507252be99fd12e1b2738dca4512ea7
[debug] [2020-05-27T04:22:17.174Z] [uploadQueue] Retrying task b1d54e366332cd712d38639100732aa0e0cc71b1f5b681c0627cf4b09ea95ed1
[debug] [2020-05-27T04:22:19.530Z] [uploadQueue] Retrying task a33c23a0b058668abd846373ad8f653be661e9eed53f6dd1e00bd7e23828e6ed
[debug] [2020-05-27T04:22:19.571Z] [uploadQueue] Retrying task b890db067a373381a57bd1b8aec8ea56e469f4baf36409a367130697aec0e48a
[debug] [2020-05-27T04:22:23.538Z] [uploadQueue] Retrying task 9ddd361b1a431445b060a5b077da5ecb2b5c485fd8b07c3f4f529587c4646e8d
[debug] [2020-05-27T04:22:24.499Z] [uploadQueue] Retrying task c7e483a0ad3670ef62df8ae07ff22e1cb0d3eceb596c6504b6f8d90646f3e34e
[debug] [2020-05-27T04:22:27.620Z] [uploadQueue] Retrying task c53470d8622d0781f31baa0bb029dec4010bed36272e2f77c3fbe497678be5ce
[debug] [2020-05-27T04:22:29.635Z] [uploadQueue] Retrying task 94d63f94ff7775ddb15bcb6e262a9c72e29a5817765b2b0c5b36dfdcb897a44e
[debug] [2020-05-27T04:22:30.818Z] [uploadQueue] Retrying task 549dae364b6fb3198c88f0f253f7b47db1ef32433ac00b453d44b0d41272520c
[debug] [2020-05-27T04:22:31.903Z] [uploadQueue] Retrying task b1d54e366332cd712d38639100732aa0e0cc71b1f5b681c0627cf4b09ea95ed1
[debug] [2020-05-27T04:22:32.913Z] [uploadQueue] Retrying task 4308e4eb782ec6a1dc24187f16938ae2eba3046e2257ed17519e9590c6b1e51f
[debug] [2020-05-27T04:22:38.985Z] [uploadQueue] Retrying task 737053b731c2fe3b8b1867f25d090614841887fcc4d3533179c5ffe854e44c78
[debug] [2020-05-27T04:22:40.428Z] [uploadQueue] Retrying task 7f446c92b1bbeb1da473c95e727efe29cd18cd12ff93fadcf8d20303ee9742f7
[debug] [2020-05-27T04:22:40.550Z] [uploadQueue] Retrying task c7e483a0ad3670ef62df8ae07ff22e1cb0d3eceb596c6504b6f8d90646f3e34e
[debug] [2020-05-27T04:22:41.033Z] [uploadQueue] Retrying task b890db067a373381a57bd1b8aec8ea56e469f4baf36409a367130697aec0e48a
[debug] [2020-05-27T04:22:41.354Z] [uploadQueue] Retrying task c53470d8622d0781f31baa0bb029dec4010bed36272e2f77c3fbe497678be5ce
[debug] [2020-05-27T04:22:41.513Z] [uploadQueue] Retrying task 9ddd361b1a431445b060a5b077da5ecb2b5c485fd8b07c3f4f529587c4646e8d
[debug] [2020-05-27T04:22:41.685Z] [hosting][upload] static/media/d2.118c94d8.jpg (810b59931d3d0a0bb78b5109a581f89ee27564e71b7e305f5dfd3878f6f1fd63) HTTP ERROR 502 : {
  'content-type': 'text/html; charset=UTF-8',
  'referrer-policy': 'no-referrer',
  'content-length': '1613',
  date: 'Wed, 27 May 2020 04:22:41 GMT',
  'alt-svc': 'h3-27=":443"; ma=2592000,h3-25=":443"; ma=2592000,h3-T050=":443"; ma=2592000,h3-Q050=":443"; ma=2592000,h3-Q049=":443"; ma=2592000,h3-Q048=":443"; ma=2592000,h3-Q046=":443"; ma=2592000,h3-Q043=":443"; ma=2592000,quic=":443"; ma=2592000; v="46,43"',
  connection: 'close'
} <!DOCTYPE html>
<html lang=en>
  <meta charset=utf-8>
  <meta name=viewport content="initial-scale=1, minimum-scale=1, width=device-width">
  <title>Error 502 (Server Error)!!1</title>
  <style>
    *{margin:0;padding:0}html,code{font:15px/22px arial,sans-serif}html{background:#fff;color:#222;padding:15px}body{margin:7% auto 0;max-width:390px;min-height:180px;padding:30px 0 15px}* > body{background:url(//www.google.com/images/errors/robot.png) 100% 5px no-repeat;padding-right:205px}p{margin:11px 0 22px;overflow:hidden}ins{color:#777;text-decoration:none}a img{border:0}@media screen and (max-width:772px){body{background:none;margin-top:0;max-width:none;padding-right:0}}#logo{background:url(//www.google.com/images/branding/googlelogo/1x/googlelogo_color_150x54dp.png) no-repeat;margin-left:-5px}@media only screen and (min-resolution:192dpi){#logo{background:url(//www.google.com/images/branding/googlelogo/2x/googlelogo_color_150x54dp.png) no-repeat 0% 0%/100% 100%;-moz-border-image:url(//www.google.com/images/branding/googlelogo/2x/googlelogo_color_150x54dp.png) 0}}@media only screen and (-webkit-min-device-pixel-ratio:2){#logo{background:url(//www.google.com/images/branding/googlelogo/2x/googlelogo_color_150x54dp.png) no-repeat;-webkit-background-size:100% 100%}}#logo{display:inline-block;height:54px;width:150px}
  </style>
  <a href=//www.google.com/><span id=logo aria-label=Google></span></a>
  <p><b>502.</b> <ins>That’s an error.</ins>
  <p>The server encountered a temporary error and could not complete your request.<p>Please try again in 30 seconds.  <ins>That’s all we know.</ins>

[debug] [2020-05-27T04:22:42.096Z] [uploadQueue] Retrying task 810b59931d3d0a0bb78b5109a581f89ee27564e71b7e305f5dfd3878f6f1fd63
[debug] [2020-05-27T04:22:44.233Z] [uploadQueue] Retrying task 94d63f94ff7775ddb15bcb6e262a9c72e29a5817765b2b0c5b36dfdcb897a44e
[debug] [2020-05-27T04:22:44.555Z] [uploadQueue] Retrying task 549dae364b6fb3198c88f0f253f7b47db1ef32433ac00b453d44b0d41272520c
[debug] [2020-05-27T04:22:46.954Z] [uploadQueue] Retrying task b1d54e366332cd712d38639100732aa0e0cc71b1f5b681c0627cf4b09ea95ed1
[debug] [2020-05-27T04:22:47.592Z] [uploadQueue] Retrying task 4a4cf821ae5ab1b6961533f8aaab55ca65c5989e1257c52e740a79d9e82e8eae
[debug] [2020-05-27T04:22:47.750Z] [uploadQueue] Retrying task 10c640a5eea8571afc75e0d6b4f49c095aef8029e342271e0a4986bcc2dc1725
